<?xml version="1.0" encoding="utf-8"?><testsuites name="pytest tests"><testsuite name="pytest" errors="0" failures="0" skipped="0" tests="9" time="3.731" timestamp="2026-03-29T20:55:18.286065+00:00" hostname="agent-env-26dad154-5984-4820-bfe3-3ff35da44ebb"><testcase classname="backend.tests.test_iteration2.TestRegistrationOnboarding" name="test_register_new_user_returns_demo_report_id" time="0.447" /><testcase classname="backend.tests.test_iteration2.TestRegistrationOnboarding" name="test_demo_report_accessible" time="0.732" /><testcase classname="backend.tests.test_iteration2.TestRegistrationOnboarding" name="test_demo_kpi_values_not_nan" time="0.607" /><testcase classname="backend.tests.test_iteration2.TestPasswordValidation" name="test_short_password_returns_400" time="0.153" /><testcase classname="backend.tests.test_iteration2.TestPasswordValidation" name="test_exactly_6_chars_password_succeeds" time="0.386" /><testcase classname="backend.tests.test_iteration2.TestObjectIdValidation" name="test_invalid_objectid_returns_400" time="0.422" /><testcase classname="backend.tests.test_iteration2.TestObjectIdValidation" name="test_invalid_client_objectid_returns_400" time="0.054" /><testcase classname="backend.tests.test_iteration2.TestObjectIdValidation" name="test_valid_but_nonexistent_id_returns_404" time="0.048" /><testcase classname="backend.tests.test_iteration2.TestDemoUserDashboard" name="test_demo_user_has_reports" time="0.408" /></testsuite></testsuites>