<?xml version="1.0" encoding="utf-8"?><testsuites name="pytest tests"><testsuite name="pytest" errors="0" failures="0" skipped="0" tests="20" time="4.217" timestamp="2026-03-29T19:13:23.558277+00:00" hostname="agent-env-26dad154-5984-4820-bfe3-3ff35da44ebb"><testcase classname="backend.tests.test_reportbridge.TestHealth" name="test_health" time="0.219" /><testcase classname="backend.tests.test_reportbridge.TestAuth" name="test_login_demo" time="0.352" /><testcase classname="backend.tests.test_reportbridge.TestAuth" name="test_login_admin" time="0.327" /><testcase classname="backend.tests.test_reportbridge.TestAuth" name="test_login_wrong_password" time="0.383" /><testcase classname="backend.tests.test_reportbridge.TestAuth" name="test_me_authenticated" time="0.378" /><testcase classname="backend.tests.test_reportbridge.TestAuth" name="test_me_unauthenticated" time="0.157" /><testcase classname="backend.tests.test_reportbridge.TestAuth" name="test_logout" time="0.448" /><testcase classname="backend.tests.test_reportbridge.TestAuth" name="test_register_new_user" time="0.331" /><testcase classname="backend.tests.test_reportbridge.TestAuth" name="test_register_duplicate_email" time="0.107" /><testcase classname="backend.tests.test_reportbridge.TestClients" name="test_list_clients" time="0.048" /><testcase classname="backend.tests.test_reportbridge.TestClients" name="test_create_client" time="0.103" /><testcase classname="backend.tests.test_reportbridge.TestClients" name="test_unauthenticated_clients" time="0.110" /><testcase classname="backend.tests.test_reportbridge.TestReports" name="test_list_reports" time="0.048" /><testcase classname="backend.tests.test_reportbridge.TestReports" name="test_reports_have_kpi_data" time="0.047" /><testcase classname="backend.tests.test_reportbridge.TestReports" name="test_get_single_report" time="0.100" /><testcase classname="backend.tests.test_reportbridge.TestReports" name="test_create_report" time="0.145" /><testcase classname="backend.tests.test_reportbridge.TestReports" name="test_csv_upload" time="0.221" /><testcase classname="backend.tests.test_reportbridge.TestReports" name="test_map_columns_and_generate" time="0.301" /><testcase classname="backend.tests.test_reportbridge.TestTemplates" name="test_list_templates" time="0.047" /><testcase classname="backend.tests.test_reportbridge.TestTemplates" name="test_create_and_delete_template" time="0.122" /></testsuite></testsuites>